2017-02-13 19:16:26;ERROR;message
Traceback (most recent call last):
  File "/home/dsmyda/PycharmProjects/CLI/worker.py", line 18, in run_wrapper
    run(self)
  File "/home/dsmyda/PycharmProjects/CLI/state_worker.py", line 36, in run
    if (response.status_code != 200): raise LookupError(response.url)
LookupError: https://di-api.drillinginfo.com/v1/direct-access/producing-entities?state_province=KY&format=json&page=358&pagesize=100
2017-02-13 23:21:26;ERROR;message
Traceback (most recent call last):
  File "/home/dsmyda/PycharmProjects/CLI/worker.py", line 18, in run_wrapper
    run(self)
  File "/home/dsmyda/PycharmProjects/CLI/state_worker.py", line 36, in run
    if (response.status_code != 200): raise LookupError(response.url)
LookupError: https://di-api.drillinginfo.com/v1/direct-access/producing-entities?state_province=MT&format=json&page=79&pagesize=100
2017-02-13 23:27:23;ERROR;message
Traceback (most recent call last):
  File "/home/dsmyda/PycharmProjects/CLI/worker.py", line 18, in run_wrapper
    run(self)
  File "/home/dsmyda/PycharmProjects/CLI/state_worker.py", line 36, in run
    if (response.status_code != 200): raise LookupError(response.url)
LookupError: https://di-api.drillinginfo.com/v1/direct-access/producing-entities?state_province=ND&format=json&page=368&pagesize=100
2017-02-13 23:50:36;ERROR;message
Traceback (most recent call last):
  File "/home/dsmyda/PycharmProjects/CLI/worker.py", line 18, in run_wrapper
    run(self)
  File "/home/dsmyda/PycharmProjects/CLI/state_worker.py", line 36, in run
    if (response.status_code != 200): raise LookupError(response.url)
LookupError: https://di-api.drillinginfo.com/v1/direct-access/producing-entities?state_province=NE&format=json&page=3&pagesize=100
2017-02-14 00:05:40;ERROR;message
Traceback (most recent call last):
  File "/home/dsmyda/PycharmProjects/CLI/worker.py", line 18, in run_wrapper
    run(self)
  File "/home/dsmyda/PycharmProjects/CLI/state_worker.py", line 36, in run
    if (response.status_code != 200): raise LookupError(response.url)
LookupError: https://di-api.drillinginfo.com/v1/direct-access/producing-entities?state_province=NM&format=json&page=267&pagesize=100
2017-02-16 18:46:15;ERROR;message
Traceback (most recent call last):
  File "/home/dsmyda/PycharmProjects/CLI/worker.py", line 18, in run_wrapper
    run(self)
  File "/home/dsmyda/PycharmProjects/CLI/state_worker.py", line 36, in run
    if (response.status_code != 200): raise LookupError(response.url)
LookupError: https://di-api.drillinginfo.com/v1/direct-access/producing-entities?state_province=TX&format=json&page=3759&pagesize=100
2017-02-16 19:59:37;ERROR;message
Traceback (most recent call last):
  File "/home/dsmyda/PycharmProjects/CLI/worker.py", line 18, in run_wrapper
    run(self)
  File "/home/dsmyda/PycharmProjects/CLI/state_worker.py", line 36, in run
    if (response.status_code != 200): raise LookupError(response.url)
LookupError: https://di-api.drillinginfo.com/v1/direct-access/producing-entities?state_province=OH&format=json&page=8&pagesize=100
2017-02-16 20:19:23;ERROR;message
Traceback (most recent call last):
  File "/home/dsmyda/PycharmProjects/CLI/worker.py", line 18, in run_wrapper
    run(self)
  File "/home/dsmyda/PycharmProjects/CLI/state_worker.py", line 36, in run
    if (response.status_code != 200): raise LookupError(response.url)
LookupError: https://di-api.drillinginfo.com/v1/direct-access/producing-entities?state_province=OK&format=json&page=417&pagesize=100
2017-02-16 21:02:41;ERROR;message
Traceback (most recent call last):
  File "/home/dsmyda/PycharmProjects/CLI/worker.py", line 18, in run_wrapper
    run(self)
  File "/home/dsmyda/PycharmProjects/CLI/state_worker.py", line 36, in run
    if (response.status_code != 200): raise LookupError(response.url)
LookupError: https://di-api.drillinginfo.com/v1/direct-access/producing-entities?state_province=PA&format=json&page=239&pagesize=100
2017-02-17 14:29:30;ERROR;message
Traceback (most recent call last):
  File "/home/dsmyda/PycharmProjects/CLI/worker.py", line 18, in run_wrapper
    run(self)
  File "/home/dsmyda/PycharmProjects/CLI/state_worker.py", line 36, in run
    if (response.status_code != 200): raise LookupError(response.url)
LookupError: https://di-api.drillinginfo.com/v1/direct-access/producing-entities?state_province=AR&format=json&page=279&pagesize=100
2017-02-17 14:59:30;ERROR;message
Traceback (most recent call last):
  File "/home/dsmyda/PycharmProjects/CLI/worker.py", line 18, in run_wrapper
    run(self)
  File "/home/dsmyda/PycharmProjects/CLI/state_worker.py", line 36, in run
    if (response.status_code != 200): raise LookupError(response.url)
LookupError: https://di-api.drillinginfo.com/v1/direct-access/producing-entities?state_province=KS&format=json&page=482&pagesize=100
2017-02-20 14:43:21;ERROR;message
Traceback (most recent call last):
  File "/home/dsmyda/PycharmProjects/CLI/worker.py", line 17, in run_wrapper
    run(self)
  File "/home/dsmyda/PycharmProjects/CLI/state_worker.py", line 36, in run
    if (response.status_code != 200): raise LookupError(response.url)
LookupError: https://di-api.drillinginfo.com/v1/direct-access/producing-entities?state_province=MS&format=json&page=53&pagesize=100
